{
  "RSpec": {
    "coverage": {
      "/Users/apprentice/Desktop/knowledge_bombs/app/helpers/application_helper.rb": [
        1,
        null
      ],
      "/Users/apprentice/Desktop/knowledge_bombs/app/controllers/sessions_controller.rb": [
        1,
        null,
        1,
        null,
        null,
        1,
        4,
        4,
        null,
        2,
        2,
        null,
        2,
        null,
        null,
        null,
        1,
        2,
        2,
        null,
        null,
        null
      ],
      "/Users/apprentice/Desktop/knowledge_bombs/app/controllers/application_controller.rb": [
        1,
        null,
        null,
        1,
        null
      ],
      "/Users/apprentice/Desktop/knowledge_bombs/app/controllers/users_controller.rb": [
        1,
        1,
        0,
        null,
        null,
        1,
        8,
        null,
        null,
        1,
        2,
        null,
        null,
        1,
        1,
        1,
        1,
        1,
        1,
        null,
        0,
        null,
        null,
        null,
        1,
        null,
        null,
        1,
        null,
        null,
        1,
        null,
        null,
        1,
        null,
        1,
        1,
        null,
        null,
        null
      ],
      "/Users/apprentice/Desktop/knowledge_bombs/app/models/cohort.rb": [
        1,
        1,
        1,
        null
      ],
      "/Users/apprentice/Desktop/knowledge_bombs/app/models/conversation.rb": [
        1,
        1,
        1,
        1,
        null
      ],
      "/Users/apprentice/Desktop/knowledge_bombs/app/models/kbomb.rb": [
        1,
        1,
        1,
        null
      ],
      "/Users/apprentice/Desktop/knowledge_bombs/app/models/location.rb": [
        1,
        1,
        null
      ],
      "/Users/apprentice/Desktop/knowledge_bombs/app/models/message.rb": [
        1,
        1,
        1,
        null
      ],
      "/Users/apprentice/Desktop/knowledge_bombs/app/models/user_conversation.rb": [
        1,
        1,
        1,
        null
      ],
      "/Users/apprentice/Desktop/knowledge_bombs/app/models/user_kbomb.rb": [
        1,
        1,
        1,
        null
      ],
      "/Users/apprentice/Desktop/knowledge_bombs/app/models/user.rb": [
        1,
        1,
        null,
        1,
        null,
        1,
        1,
        null,
        1,
        1,
        1,
        null
      ]
    },
    "timestamp": 1396739230
  }
}
